<?xml version="1.0" encoding="UTF-8"?>
<Site BuildName="(empty)"
	BuildStamp="20251128-2148-Experimental"
	Name="(empty)"
	Generator="ctest-4.1.2"
	CompilerName=""
	CompilerVersion=""
	OSName="Windows"
	Hostname="DESKTOP-POGDJLV"
	OSRelease=" Professional"
	OSVersion=" (Build 9200)"
	OSPlatform="AMD64"
	Is64Bits="1"
	VendorString=""
	VendorID="Unknown Manufacturer"
	FamilyID="0"
	ModelID="0"
	ModelName=""
	ProcessorCacheSize="0"
	NumberOfLogicalCPU="12"
	NumberOfPhysicalCPU="6"
	TotalVirtualMemory="40831"
	TotalPhysicalMemory="32639"
	LogicalProcessorsPerPhysical="2"
	ProcessorClockFrequency="3600"
	>
	<Testing>
		<StartDateTime>Nov 28 22:48 [NON-UTF-8-BYTE-0x8C]rodkowoeuropejski czas stand.</StartDateTime>
		<StartTestTime>1764366536</StartTestTime>
		<TestList/>
		<EndDateTime>Nov 28 22:48 [NON-UTF-8-BYTE-0x8C]rodkowoeuropejski czas stand.</EndDateTime>
		<EndTestTime>1764366536</EndTestTime>
		<ElapsedMinutes>0</ElapsedMinutes>
	</Testing>
</Site>
